INFO: Mar 27 jul 15:41:28 2021
INFO: Working directory: /Users/labo/Documents/Code/Chromatin-Dynamics/WGCNA_Unsigned
INFO: Saving blocks for each iteration? TRUE
INFO: Merging final modules if cutHeight <= 0.05
INFO: Allowing WGCNA Threads? TRUE
INFO: Running WGCNA with the following params:
INFO: {'saveTOMs': True, 'minModuleSize': 4, 'minKMEtoStay': 0.7, 'networkType': 'unsigned', 'numericLabels': True, 'minCoreKME': 0.7, 'reassignThreshold': 0.05, 'power': 6}
INFO: Loaded file: counts.tsv
INFO: 9662 Samples
INFO: 126 Genes
INFO: Pass 1 converged on iteration 3.
INFO: FIT: 85; RESIDUAL: 41
INFO: Pass 2 converged on iteration 2.
INFO: FIT: 8; RESIDUAL: 33
INFO: No modules detected for iteration P3_I1. Classification complete.
INFO: Pass 3 converged on iteration 2.
INFO: FIT: 0; RESIDUAL: 33
INFO: FIT: 93; RESIDUAL: 33
INFO: Found 12 modules.
INFO: ['P2_I2_M1', 'P1_I3_M1', 'P2_I2_M2', 'P1_I3_M10', 'P1_I3_M8', 'P1_I3_M4', 'P1_I3_M9', 'P1_I3_M6', 'P1_I3_M7', 'P1_I3_M5', 'P1_I3_M3', 'P1_I3_M2']
INFO: Done merging close modules: 0 modules merged.
INFO: Retained 12 modules after merge.
INFO: Reassigned 3 genes in final kME review.
INFO: FIT: 93; RESIDUAL: 33
INFO: iterativeWGCNA: SUCCESS
INFO: Mar 27 jul 15:49:20 2021
