INFO: Lun 26 jul 13:20:03 2021
INFO: Working directory: /Users/labo/Documents/Code/Chromatin-Dynamics/WGCNA_new
INFO: Saving blocks for each iteration? TRUE
INFO: Merging final modules if cutHeight <= 0.05
INFO: Allowing WGCNA Threads? TRUE
INFO: Running WGCNA with the following params:
INFO: {'minModuleSize': 4, 'saveTOMs': True, 'minKMEtoStay': 0.7, 'numericLabels': True, 'networkType': 'signed', 'minCoreKME': 0.7, 'reassignThreshold': 0.05, 'power': 6}
INFO: Loaded file: counts.tsv
INFO: 9662 Samples
INFO: 126 Genes
INFO: Pass 1 converged on iteration 2.
INFO: FIT: 86; RESIDUAL: 40
INFO: Pass 2 converged on iteration 2.
INFO: FIT: 4; RESIDUAL: 36
INFO: Pass 3 converged on iteration 2.
INFO: FIT: 4; RESIDUAL: 32
INFO: No modules detected for iteration P4_I1. Classification complete.
INFO: Pass 4 converged on iteration 2.
INFO: FIT: 0; RESIDUAL: 32
INFO: FIT: 94; RESIDUAL: 32
INFO: Found 9 modules.
INFO: ['P1_I2_M2', 'P1_I2_M5', 'P2_I1_M1', 'P1_I2_M7', 'P1_I2_M4', 'P1_I2_M3', 'P1_I2_M1', 'P3_I1_M1', 'P1_I2_M6']
INFO: Done merging close modules: 0 modules merged.
INFO: Retained 9 modules after merge.
INFO: Reassigned 2 genes in final kME review.
INFO: FIT: 94; RESIDUAL: 32
INFO: iterativeWGCNA: SUCCESS
INFO: Lun 26 jul 13:25:32 2021
